[INFO  - 2017-09-22T03:55:21.964Z] GhostDriver - Main - running on port 53217
[INFO  - 2017-09-22T03:55:24.897Z] Session [dd188490-9f49-11e7-b128-1fe1302a5bc3] - page.settings - {"XSSAuditingEnabled":false,"javascriptCanCloseWindows":true,"javascriptCanOpenWindows":true,"javascriptEnabled":true,"loadImages":true,"localToRemoteUrlAccessEnabled":false,"userAgent":"Mozilla/5.0 (Windows NT 6.1; WOW64) AppleWebKit/538.1 (KHTML, like Gecko) PhantomJS/2.1.1 Safari/538.1","webSecurityEnabled":true}
[INFO  - 2017-09-22T03:55:24.897Z] Session [dd188490-9f49-11e7-b128-1fe1302a5bc3] - page.customHeaders:  - {}
[INFO  - 2017-09-22T03:55:24.897Z] Session [dd188490-9f49-11e7-b128-1fe1302a5bc3] - Session.negotiatedCapabilities - {"browserName":"phantomjs","version":"2.1.1","driverName":"ghostdriver","driverVersion":"1.2.0","platform":"windows-7-32bit","javascriptEnabled":true,"takesScreenshot":true,"handlesAlerts":false,"databaseEnabled":false,"locationContextEnabled":false,"applicationCacheEnabled":false,"browserConnectionEnabled":false,"cssSelectorsEnabled":true,"webStorageEnabled":false,"rotatable":false,"acceptSslCerts":false,"nativeEvents":true,"proxy":{"proxyType":"MANUAL","httpProxy":"171.34.197.71:3128"}}
[INFO  - 2017-09-22T03:55:24.897Z] SessionManagerReqHand - _postNewSessionCommand - New Session Created: dd188490-9f49-11e7-b128-1fe1302a5bc3
[ERROR - 2017-09-22T03:58:15.072Z] Session [ccf6ba00-9f49-11e7-9ce3-1f81d2e3de4b] - page.onError - msg: Error: Can't find variable: URS
http://static.ws.126.net/f2e/www/index20170701/collect/first~VLlL4WSV5sOm.js:4:5381
getExport@http://static.ws.126.net/f2e/www/index20170701/collect/first~VLlL4WSV5sOm.js:3:7289
http://static.ws.126.net/f2e/www/index20170701/collect/first~VLlL4WSV5sOm.js:2:21253
each@http://static.ws.126.net/f2e/www/index20170701/collect/first~VLlL4WSV5sOm.js:1:10873
http://static.ws.126.net/f2e/www/index20170701/collect/first[INFO  - 2017-09-22T03:58:32.255Z] SessionManagerReqHand - _cleanupWindowlessSessions - Asynchronous Sessions clean-up phase starting NOW
.net/f2e/www/index20170701/collect/first~VLlL4WSV5sOm.js:1:26669
then@http://static.ws.126.net/f2e/www/index20170701/collect/first~VLlL4WSV5sOm.js:1:73799
B@http://static.ws.126.net/f2e/www/index20170701/collect/first~VLlL4WSV5sOm.js:2:11453
http://static.ws.126.net/f2e/www/index20170701/collect/first~VLlL4WSV5sOm.js:3:8382
l@http://static.ws.126.net/f2e/www/index20170701/collect/first~VLlL4WSV5sOm.js:1:73606
then@http://static.ws.126.net/f2e/www/index20170701/collect/first~VLlL4WSV5sOm.js:1:26669
then@http://static.ws.126.net/f2e/www/index20170701/collect/first~VLlL4WSV5sOm.js:1:73799
postDefine@http://static.ws.126.net/f2e/www/index20170701/collect/first~VLlL4WSV5sOm.js:3:8325
makeDefer@http://static.ws.126.net/f2e/www/index20170701/collect/first~VLlL4WSV5sOm.js:3:6637
http://static.ws.126.net/f2e/www/index20170701/collect/first~VLlL4WSV5sOm.js:3:15496
then@http://static.ws.126.net/f2e/www/index20170701/collect/first~VLlL4WSV5sOm.js:1:26669
http://static.ws.126.net/f2e/www/index20170701/collect/first~VLlL4WSV5sOm.js:3:15466
each@http://static.ws.126.net/f2e/www/index20170701/collect/first~VLlL4WSV5sOm.js:1:10873
depPromise@http://static.ws.126.net/f2e/www/index20170701/collect/first~VLlL4WSV5sOm.js:3:7845
http://static.ws.126.net/f2e/www/index20170701/collect/first~VLlL4WSV5sOm.js:2:11432
each@http://static.ws.126.net/f2e/www/index20170701/collect/first~VLlL4WSV5sOm.js:1:10873
B@http://static.ws.126.net/f2e/www/index20170701/collect/first~VLlL4WSV5sOm.js:2:11362
http://static.ws.126.net/f2e/www/index20170701/collect/first~VLlL4WSV5sOm.js:3:8382
l@http://static.ws.126.net/f2e/www/index20170701/collect/first~VLlL4WSV5sOm.js:1:73606
then@http://static.ws.126.net/f2e/www/index20170701/collect/first~VLlL4WSV5sOm.js:1:26669
then@http://static.ws.126.net/f2e/www/index20170701/collect/first~VLlL4WSV5sOm.js:1:73799
postDefine@http://static.ws.126.net/f2e/www/index20170701/collect/first~VLlL4WSV5sOm.js:3:8325
makeDefer@http://static.ws.126.net/f2e/www/index20170701/collect/first~VLlL4WSV5sOm.js:3:6637
get@http://static.ws.126.net/f2e/www/index20170701/collect/first~VLlL4WSV5sOm.js:3:6931
http://static.ws.126.net/f2e/www/index20170701/collect/first~VLlL4WSV5sOm.js:2:7634
l@http://static.ws.126.net/f2e/www/index20170701/collect/first~VLlL4WSV5sOm.js:1:73606
then@http://static.ws.126.net/f2e/www/index20170701/collect/first~VLlL4WSV5sOm.js:1:26669
then@http://static.ws.126.net/f2e/www/index20170701/collect/first~VLlL4WSV5sOm.js:1:73799
_@http://static.ws.126.net/f2e/www/index20170701/collect/first~VLlL4WSV5sOm.js:2:7563
http://static.ws.126.net/f2e/www/index20170701/collect/first~VLlL4WSV5sOm.js:2:11921
each@http://static.ws.126.net/f2e/www/index20170701/collect/first~VLlL4WSV5sOm.js:1:10873
b@http://static.ws.126.net/f2e/www/index20170701/collect/first~VLlL4WSV5sOm.js:2:6847
compile@http://static.ws.126.net/f2e/www/index20170701/collect/first~VLlL4WSV5sOm.js:2:26752
http://static.ws.126.net/f2e/www/index20170701/collect/first~VLlL4WSV5sOm.js:2:81954
then@http://static.ws.126.net/f2e/www/index20170701/collect/first~VLlL4WSV5sOm.js:1:26669
http://static.ws.126.net/f2e/www/index20170701/collect/first~VLlL4WSV5sOm.js:2:55078
l@http://static.ws.126.net/f2e/www/index20170701/collect/first~VLlL4WSV5sOm.js:1:73606
then@http://static.ws.126.net/f2e/www/index20170701/collect/first~VLlL4WSV5sOm.js:1:26669
then@http://static.ws.126.net/f2e/www/index20170701/collect/first~VLlL4WSV5sOm.js:1:73799
render@http://static.ws.126.net/f2e/www/index20170701/collect/first~VLlL4WSV5sOm.js:2:28236
$@http://static.ws.126.net/f2e/www/index20170701/collect/first~VLlL4WSV5sOm.js:2:8977
instantiate@http://static.ws.126.net/f2e/www/index20170701/collect/first~VLlL4WSV5sOm.js:3:9249
http://static.ws.126.net/f2e/www/index20170701/collect/first~VLlL4WSV5sOm.js:3:16890
then@http://static.ws.126.net/f2e/www/index20170701/collect/first~VLlL4WSV5sOm.js:1:26669
deploy@http://static.ws.126.net/f2e/www/index20170701/collect/first~VLlL4WSV5sOm.js:3:16864
http://static.ws.126.net/f2e/www/index20170701/collect/first~VLlL4WSV5sOm.js:3:6559
l@http://static.ws.126.net/f2e/www/index20170701/collect/first~VLlL4WSV5sOm.js:1:73606
then@http://static.ws.126.net/f2e/www/index20170701/collect/first~VLlL4WSV5sOm.js:1:26669
then@http://static.ws.126.net/f2e/www/index20170701/collect/first~VLlL4WSV5sOm.js:1:73799
deploy@http://static.ws.126.net/f2e/www/index20170701/collect/first~VLlL4WSV5sOm.js:3:6521
http://static.ws.126.net/f2e/www/index20170701/collect/first~VLlL4WSV5sOm.js:2:7644
l@http://static.ws.126.net/f2e/www/index20170701/collect/first~VLlL4WSV5sOm.js:1:73606
then@http://static.ws.126.net/f2e/www/index20170701/collect/first~VLlL4WSV5sOm.js:1:26669
then@http://static.ws.126.net/f2e/www/index20170701/collect/first~VLlL4WSV5sOm.js:1:73799
_@http://static.ws.126.net/f2e/www/index20170701/collect/first~VLlL4WSV5sOm.js:2:7563
http://static.ws.126.net/f2e/www/index20170701/collect/first~VLlL4WSV5sOm.js:2:11921
each@http://static.ws.126.net/f2e/www/index20170701/collect/first~VLlL4WSV5sOm.js:1:10873
b@http://static.ws.126.net/f2e/www/index20170701/collect/first~VLlL4WSV5sOm.js:2:6847
compile@http://static.ws.126.net/f2e/www/index20170701/collect/first~VLlL4WSV5sOm.js:2:26752
http://static.ws.126.net/f2e/www/index20170701/collect/first~VLlL4WSV5sOm.js:2:81954
then@http://static.ws.126.net/f2e/www/index20170701/collect/first~VLlL4WSV5sOm.js:1:26669
http://static.ws.126.net/f2e/www/index20170701/collect/first~VLlL4WSV5sOm.js:2:55078
l@http://static.ws.126.net/f2e/www/index20170701/collect/first~VLlL4WSV5sOm.js:1:73606
then@http://static.ws.126.net/f2e/www/index20170701/collect/first~VLlL4WSV5sOm.js:1:26669
then@http://static.ws.126.net/f2e/www/index20170701/collect/first~VLlL4WSV5sOm.js:1:73799
render@http://static.ws.126.net/f2e/www/index20170701/collect/first~VLlL4WSV5sOm.js:2:28236
http://static.ws.126.net/f2e/www/index20170701/collect/first~VLlL4WSV5sOm.js:2:7682
l@http://static.ws.126.net/f2e/www/index20170701/collect/first~VLlL4WSV5sOm.js:1:73606
then@http://static.ws.126.net/f2e/www/index20170701/collect/first~VLlL4WSV5sOm.js:1:26669
then@http://static.ws.126.net/f2e/www/index20170701/collect/first~VLlL4WSV5sOm.js:1:73799
_@http://static.ws.126.net/f2e/www/index20170701/collect/first~VLlL4WSV5sOm.js:2:7563
http://static.ws.126.net/f2e/www/index20170701/collect/first~VLlL4WSV5sOm.js:2:11921
each@http://static.ws.126.net/f2e/www/index20170701/collect/first~VLlL4WSV5sOm.js:1:10873
b@http://static.ws.126.net/f2e/www/index20170701/collect/first~VLlL4WSV5sOm.js:2:6847
compile@http://static.ws.126.net/f2e/www/index20170701/collect/first~VLlL4WSV5sOm.js:2:26752
global code@http://static.ws.126.net/f2e/www/index20170701/collect/first~VLlL4WSV5sOm.js:5:17027

  phantomjs://platform/console++.js:263 in error
[ERROR - 2017-09-22T03:58:15.073Z] Session [ccf6ba00-9f49-11e7-9ce3-1f81d2e3de4b] - page.onError - stack:
  u (http://static.ws.126.net/f2e/www/index20170701/collect/first~VLlL4WSV5sOm.js:1)

  phantomjs://platform/console++.js:263 in error
[INFO  - 2017-09-22T03:58:19.233Z] Session [ccf6ba00-9f49-11e7-9ce3-1f81d2e3de4b] - page.settings - {"XSSAuditingEnabled":false,"javascriptCanCloseWindows":true,"javascriptCanOpenWindows":true,"javascriptEnabled":true,"loadImages":true,"localToRemoteUrlAccessEnabled":false,"userAgent":"Mozilla/5.0 (Windows NT 6.1; WOW64) AppleWebKit/538.1 (KHTML, like Gecko) PhantomJS/2.1.1 Safari/538.1","webSecurityEnabled":true}
[INFO  - 2017-09-22T03:58:19.255Z] Session [ccf6ba00-9f49-11e7-9ce3-1f81d2e3de4b] - page.customHeaders:  - {}
[ERROR - 2017-09-22T03:58:22.055Z] Session [ccf6ba00-9f49-11e7-9ce3-1f81d2e3de4b] - page.onError - msg: [object Object]

  phantomjs://platform/console++.js:263 in error
[ERROR - 2017-09-22T03:58:22.055Z] Session [ccf6ba00-9f49-11e7-9ce3-1f81d2e3de4b] - page.onError - stack:
  (anonymous function) (http://static.ws.126.net/f2e/www/index20170701/collect/foot~2Himz2o2GMSC.js:1)

  phantomjs://platform/console++.js:263 in error
[ERROR - 2017-09-22T03:58:22.056Z] Session [ccf6ba00-9f49-11e7-9ce3-1f81d2e3de4b] - page.onError - msg: [object Object]

  phantomjs://platform/console++.js:263 in error
[ERROR - 2017-09-22T03:58:22.056Z] Session [ccf6ba00-9f49-11e7-9ce3-1f81d2e3de4b] - page.onError - stack:
  (anonymous function) (http://static.ws.126.net/f2e/www/index20170701/collect/foot~2Himz2o2GMSC.js:1)

  phantomjs://platform/console++.js:263 in error
[ERROR - 2017-09-22T03:58:22.057Z] Session [ccf6ba00-9f49-11e7-9ce3-1f81d2e3de4b] - page.onError - msg: [object Object]

  phantomjs://platform/console++.js:263 in error
[ERROR - 2017-09-22T03:58:22.057Z] Session [ccf6ba00-9f49-11e7-9ce3-1f81d2e3de4b] - page.onError - stack:
  (anonymous function) (http://static.ws.126.net/f2e/www/index20170701/collect/foot~2Himz2o2GMSC.js:1)

  phantomjs://platform/console++.js:263 in error
